Added Component: Designator=CS1(CapacitorSMD)
Added Component: Designator=CS2(CapacitorSMD)
Added Component: Designator=DS1(DiodeSS32SMD)
Added Component: Designator=DS2(DiodeSS32SMD)
Added Component: Designator=P1(P)
Added Component: Designator=P2(P)
Added Component: Designator=P3(P)
Added Component: Designator=P4(P)
Added Component: Designator=P5(P)
Added Component: Designator=P6(P)
Added Component: Designator=P7(P)
Added Component: Designator=P8(P)
Added Component: Designator=P9(P)
Added Component: Designator=P10(P)
Added Component: Designator=S1(DC-DC Step-Up Footprint)
Added Component: Designator=U1(PCB_DRV8833)
Added Component: Designator=U2(PCB_DRV8833)
Added Component: Designator=U3(PCB_74HC595_Footprint)
Added Component: Designator=U4(PCB_ATMega328p)
Added Component: Designator=VR1(DC-DC Step-Down Footprint)
Added Pin To Net: NetName=NetCS1_0 Pin=CS1-0
Added Pin To Net: NetName=NetCS1_0 Pin=CS2-0
Added Pin To Net: NetName=NetCS1_0 Pin=U1-2
Added Pin To Net: NetName=NetCS1_0 Pin=U2-2
Added Pin To Net: NetName=NetCS1_0 Pin=VR1-2
Added Net: Name=NetCS1_0
Added Pin To Net: NetName=NetCS1_1 Pin=CS1-1
Added Pin To Net: NetName=NetCS1_1 Pin=CS2-1
Added Pin To Net: NetName=NetCS1_1 Pin=S1-1
Added Pin To Net: NetName=NetCS1_1 Pin=U1-3
Added Pin To Net: NetName=NetCS1_1 Pin=U2-3
Added Pin To Net: NetName=NetCS1_1 Pin=U3-0
Added Pin To Net: NetName=NetCS1_1 Pin=U4-1
Added Pin To Net: NetName=NetCS1_1 Pin=VR1-3
Added Net: Name=NetCS1_1
Added Pin To Net: NetName=NetDS1_0 Pin=DS1-0
Added Pin To Net: NetName=NetDS1_0 Pin=P1-0
Added Net: Name=NetDS1_0
Added Pin To Net: NetName=NetDS1_1 Pin=DS1-1
Added Pin To Net: NetName=NetDS1_1 Pin=S1-3
Added Net: Name=NetDS1_1
Added Pin To Net: NetName=NetDS2_0 Pin=DS2-0
Added Pin To Net: NetName=NetDS2_0 Pin=P3-0
Added Net: Name=NetDS2_0
Added Pin To Net: NetName=NetDS2_1 Pin=DS2-1
Added Pin To Net: NetName=NetDS2_1 Pin=VR1-0
Added Net: Name=NetDS2_1
Added Pin To Net: NetName=NetP2_0 Pin=P2-0
Added Pin To Net: NetName=NetP2_0 Pin=S1-2
Added Net: Name=NetP2_0
Added Pin To Net: NetName=NetP4_0 Pin=P4-0
Added Pin To Net: NetName=NetP4_0 Pin=VR1-1
Added Net: Name=NetP4_0
Added Pin To Net: NetName=NetP5_0 Pin=P5-0
Added Pin To Net: NetName=NetP5_0 Pin=U1-7
Added Net: Name=NetP5_0
Added Pin To Net: NetName=NetP6_0 Pin=P6-0
Added Pin To Net: NetName=NetP6_0 Pin=U1-8
Added Net: Name=NetP6_0
Added Pin To Net: NetName=NetP7_0 Pin=P7-0
Added Pin To Net: NetName=NetP7_0 Pin=U1-9
Added Net: Name=NetP7_0
Added Pin To Net: NetName=NetP8_0 Pin=P8-0
Added Pin To Net: NetName=NetP8_0 Pin=U1-10
Added Net: Name=NetP8_0
Added Pin To Net: NetName=NetP9_0 Pin=P9-0
Added Pin To Net: NetName=NetP9_0 Pin=U2-7
Added Net: Name=NetP9_0
Added Pin To Net: NetName=NetP10_0 Pin=P10-0
Added Pin To Net: NetName=NetP10_0 Pin=U2-8
Added Net: Name=NetP10_0
Added Pin To Net: NetName=NetS1_0 Pin=S1-0
Added Pin To Net: NetName=NetS1_0 Pin=U4-0
Added Net: Name=NetS1_0
Added Pin To Net: NetName=NetU1_0 Pin=U1-0
Added Pin To Net: NetName=NetU1_0 Pin=U3-9
Added Net: Name=NetU1_0
Added Pin To Net: NetName=NetU1_1 Pin=U1-1
Added Pin To Net: NetName=NetU1_1 Pin=U3-7
Added Net: Name=NetU1_1
Added Pin To Net: NetName=NetU1_4 Pin=U1-4
Added Pin To Net: NetName=NetU1_4 Pin=U3-6
Added Net: Name=NetU1_4
Added Pin To Net: NetName=NetU1_5 Pin=U1-5
Added Pin To Net: NetName=NetU1_5 Pin=U3-5
Added Net: Name=NetU1_5
Added Pin To Net: NetName=NetU2_0 Pin=U2-0
Added Pin To Net: NetName=NetU2_0 Pin=U3-4
Added Net: Name=NetU2_0
Added Pin To Net: NetName=NetU2_1 Pin=U2-1
Added Pin To Net: NetName=NetU2_1 Pin=U3-3
Added Net: Name=NetU2_1
Added Pin To Net: NetName=NetU3_8 Pin=U3-8
Added Pin To Net: NetName=NetU3_8 Pin=U4-3
Added Net: Name=NetU3_8
Added Pin To Net: NetName=NetU3_10 Pin=U3-10
Added Pin To Net: NetName=NetU3_10 Pin=U4-18
Added Net: Name=NetU3_10
Added Pin To Net: NetName=NetU3_12 Pin=U3-12
Added Pin To Net: NetName=NetU3_12 Pin=U4-15
Added Net: Name=NetU3_12
Added Pin To Net: NetName=NetU3_13 Pin=U3-13
Added Pin To Net: NetName=NetU3_13 Pin=U4-16
Added Net: Name=NetU3_13
Added Pin To Net: NetName=NetU4_2 Pin=U4-2
Added Net: Name=NetU4_2
Added Pin To Net: NetName=NetU4_4 Pin=U4-4
Added Net: Name=NetU4_4
Added Pin To Net: NetName=NetU4_5 Pin=U4-5
Added Net: Name=NetU4_5
Added Pin To Net: NetName=NetU4_6 Pin=U4-6
Added Net: Name=NetU4_6
Added Pin To Net: NetName=NetU4_7 Pin=U4-7
Added Net: Name=NetU4_7
Added Pin To Net: NetName=NetU4_8 Pin=U4-8
Added Net: Name=NetU4_8
Added Pin To Net: NetName=NetU4_9 Pin=U4-9
Added Net: Name=NetU4_9
Added Pin To Net: NetName=NetU4_10 Pin=U4-10
Added Net: Name=NetU4_10
Added Pin To Net: NetName=NetU4_11 Pin=U4-11
Added Net: Name=NetU4_11
Added Pin To Net: NetName=NetU4_12 Pin=U4-12
Added Net: Name=NetU4_12
Added Pin To Net: NetName=NetU4_13 Pin=U4-13
Added Net: Name=NetU4_13
Added Pin To Net: NetName=NetU4_14 Pin=U4-14
Added Net: Name=NetU4_14
Added Pin To Net: NetName=NetU4_17 Pin=U4-17
Added Net: Name=NetU4_17
Added Pin To Net: NetName=NetU4_19 Pin=U4-19
Added Net: Name=NetU4_19
Added Pin To Net: NetName=NetU4_20 Pin=U4-20
Added Net: Name=NetU4_20
Added Pin To Net: NetName=NetU4_21 Pin=U4-21
Added Net: Name=NetU4_21
Added Pin To Net: NetName=NetU4_22 Pin=U4-22
Added Net: Name=NetU4_22
Added Pin To Net: NetName=NetU4_23 Pin=U4-23
Added Net: Name=NetU4_23
Added Pin To Net: NetName=NetU4_24 Pin=U4-24
Added Net: Name=NetU4_24
Added Pin To Net: NetName=NetU4_25 Pin=U4-25
Added Net: Name=NetU4_25
Added Pin To Net: NetName=NetU4_26 Pin=U4-26
Added Net: Name=NetU4_26
Added Pin To Net: NetName=NetU4_27 Pin=U4-27
Added Net: Name=NetU4_27
Added Pin To Net: NetName=NetU4_28 Pin=U4-28
Added Net: Name=NetU4_28
Added Pin To Net: NetName=NetU4_29 Pin=U4-29
Added Net: Name=NetU4_29
Added Member To Class: ClassName=Sheet_Robo_Hand_main Member=Component CS1 CapacitorSMD
Added Member To Class: ClassName=Sheet_Robo_Hand_main Member=Component CS2 CapacitorSMD
Added Member To Class: ClassName=Sheet_Robo_Hand_main Member=Component DS1 DiodeSS32SMD
Added Member To Class: ClassName=Sheet_Robo_Hand_main Member=Component DS2 DiodeSS32SMD
Added Member To Class: ClassName=Sheet_Robo_Hand_main Member=Component P1 Pin
Added Member To Class: ClassName=Sheet_Robo_Hand_main Member=Component P2 Pin
Added Member To Class: ClassName=Sheet_Robo_Hand_main Member=Component P3 Pin
Added Member To Class: ClassName=Sheet_Robo_Hand_main Member=Component P4 Pin
Added Member To Class: ClassName=Sheet_Robo_Hand_main Member=Component P5 Pin
Added Member To Class: ClassName=Sheet_Robo_Hand_main Member=Component P6 Pin
Added Member To Class: ClassName=Sheet_Robo_Hand_main Member=Component P7 Pin
Added Member To Class: ClassName=Sheet_Robo_Hand_main Member=Component P8 Pin
Added Member To Class: ClassName=Sheet_Robo_Hand_main Member=Component P9 Pin
Added Member To Class: ClassName=Sheet_Robo_Hand_main Member=Component P10 Pin
Added Member To Class: ClassName=Sheet_Robo_Hand_main Member=Component S1 SX1308
Added Member To Class: ClassName=Sheet_Robo_Hand_main Member=Component U1 DRV8833
Added Member To Class: ClassName=Sheet_Robo_Hand_main Member=Component U2 DRV8833
Added Member To Class: ClassName=Sheet_Robo_Hand_main Member=Component U3 74HC595
Added Member To Class: ClassName=Sheet_Robo_Hand_main Member=Component U4 ATMega328p
Added Member To Class: ClassName=Sheet_Robo_Hand_main Member=Component VR1 LM2596
