Added Component: Designator=S1(DC-DC Step-Up Footprint)
Added Component: Designator=U1(PCB_DRV8833)
Added Component: Designator=U2(PCB_DRV8833)
Added Component: Designator=U3(PCB_74HC595_Footprint)
Added Component: Designator=U4(PCB_ATMega328p)
Added Component: Designator=VR1(DC-DC Step-Down Footprint)
Added Pin To Net: NetName=NetS1_0 Pin=S1-0
Added Pin To Net: NetName=NetS1_0 Pin=U4-0
Added Net: Name=NetS1_0
Added Pin To Net: NetName=NetS1_1 Pin=S1-1
Added Pin To Net: NetName=NetS1_1 Pin=U1-3
Added Pin To Net: NetName=NetS1_1 Pin=U2-3
Added Pin To Net: NetName=NetS1_1 Pin=U3-0
Added Pin To Net: NetName=NetS1_1 Pin=U4-1
Added Pin To Net: NetName=NetS1_1 Pin=VR1-3
Added Net: Name=NetS1_1
Added Pin To Net: NetName=NetU1_0 Pin=U1-0
Added Pin To Net: NetName=NetU1_0 Pin=U3-9
Added Net: Name=NetU1_0
Added Pin To Net: NetName=NetU1_1 Pin=U1-1
Added Pin To Net: NetName=NetU1_1 Pin=U3-7
Added Net: Name=NetU1_1
Added Pin To Net: NetName=NetU1_2 Pin=U1-2
Added Pin To Net: NetName=NetU1_2 Pin=U2-2
Added Pin To Net: NetName=NetU1_2 Pin=VR1-2
Added Net: Name=NetU1_2
Added Pin To Net: NetName=NetU1_4 Pin=U1-4
Added Pin To Net: NetName=NetU1_4 Pin=U3-6
Added Net: Name=NetU1_4
Added Pin To Net: NetName=NetU1_5 Pin=U1-5
Added Pin To Net: NetName=NetU1_5 Pin=U3-5
Added Net: Name=NetU1_5
Added Pin To Net: NetName=NetU2_0 Pin=U2-0
Added Pin To Net: NetName=NetU2_0 Pin=U3-4
Added Net: Name=NetU2_0
Added Pin To Net: NetName=NetU2_1 Pin=U2-1
Added Pin To Net: NetName=NetU2_1 Pin=U3-3
Added Net: Name=NetU2_1
Added Pin To Net: NetName=NetU3_8 Pin=U3-8
Added Pin To Net: NetName=NetU3_8 Pin=U4-3
Added Net: Name=NetU3_8
Added Pin To Net: NetName=NetU3_10 Pin=U3-10
Added Pin To Net: NetName=NetU3_10 Pin=U4-18
Added Net: Name=NetU3_10
Added Pin To Net: NetName=NetU3_12 Pin=U3-12
Added Pin To Net: NetName=NetU3_12 Pin=U4-15
Added Net: Name=NetU3_12
Added Pin To Net: NetName=NetU3_13 Pin=U3-13
Added Pin To Net: NetName=NetU3_13 Pin=U4-16
Added Net: Name=NetU3_13
Added Class: Name=Sheet_Robo_Hand_main
