Removed Pin From Net: NetName=NetS1_1 Pin=U1-3
Removed Pin From Net: NetName=NetCS1_0 Pin=U2-2
Removed Pin From Net: NetName=NetS1_1 Pin=U2-3
Removed Pin From Net: NetName=NetP9_0 Pin=U2-7
Removed Pin From Net: NetName=NetP10_0 Pin=U2-8
Removed Pin From Net: NetName=NetS1_1 Pin=VR1-3
Removed Member From Class: ClassName=Sheet_Robo_Hand_main Member=U2
Added Component: Designator=U?(PCB_DRV8833)
Added Pin To Net: NetName=NetCS1_1 Pin=U1-3
Added Pin To Net: NetName=NetCS1_0 Pin=U?-2
Added Pin To Net: NetName=NetCS1_1 Pin=U?-3
Added Pin To Net: NetName=NetP9_0 Pin=U?-9
Added Pin To Net: NetName=NetP10_0 Pin=U?-10
Added Pin To Net: NetName=NetU3_3 Pin=U3-3
Added Pin To Net: NetName=NetU3_3 Pin=U?-5
Added Net: Name=NetU3_3
Added Pin To Net: NetName=NetU3_4 Pin=U3-4
Added Pin To Net: NetName=NetU3_4 Pin=U?-4
Added Net: Name=NetU3_4
Added Member To Class: ClassName=Sheet_Robo_Hand_main Member=Component U? DRV8833
